C:\Program Files (x86)\Microsoft Visual Studio\2017\Enterprise\Common7\IDE\VC\VCTargets\Microsoft.CppBuild.targets(387,5): warning MSB8028: The intermediate directory (Debug\) contains files shared from another project (fix.vcxproj, Lesson02.vcxproj, Lesson03.vcxproj, Lesson04.vcxproj, Lesson05.vcxproj, projectakhir.vcxproj).  This can lead to incorrect clean and rebuild behavior.
  glad.c
  RenderEngine.cpp
  Demo.cpp
c:\users\jinxg\source\repos\interior masjid\interiormasjid\demo.cpp(250): warning C4838: conversion from 'double' to 'float' requires a narrowing conversion
c:\users\jinxg\source\repos\interior masjid\interiormasjid\demo.cpp(250): warning C4305: 'initializing': truncation from 'double' to 'float'
c:\users\jinxg\source\repos\interior masjid\interiormasjid\demo.cpp(587): warning C4838: conversion from 'double' to 'float' requires a narrowing conversion
c:\users\jinxg\source\repos\interior masjid\interiormasjid\demo.cpp(587): warning C4305: 'initializing': truncation from 'double' to 'float'
c:\users\jinxg\source\repos\interior masjid\interiormasjid\demo.cpp(679): warning C4838: conversion from 'double' to 'float' requires a narrowing conversion
c:\users\jinxg\source\repos\interior masjid\interiormasjid\demo.cpp(679): warning C4305: 'initializing': truncation from 'double' to 'float'
c:\users\jinxg\source\repos\interior masjid\interiormasjid\demo.cpp(800): warning C4838: conversion from 'double' to 'float' requires a narrowing conversion
c:\users\jinxg\source\repos\interior masjid\interiormasjid\demo.cpp(800): warning C4305: 'initializing': truncation from 'double' to 'float'
c:\users\jinxg\source\repos\interior masjid\interiormasjid\demo.cpp(922): warning C4838: conversion from 'double' to 'float' requires a narrowing conversion
c:\users\jinxg\source\repos\interior masjid\interiormasjid\demo.cpp(922): warning C4305: 'initializing': truncation from 'double' to 'float'
c:\users\jinxg\source\repos\interior masjid\interiormasjid\demo.cpp(1587): warning C4838: conversion from 'double' to 'GLfloat' requires a narrowing conversion
c:\users\jinxg\source\repos\interior masjid\interiormasjid\demo.cpp(1587): warning C4305: 'initializing': truncation from 'double' to 'GLfloat'
c:\users\jinxg\source\repos\interior masjid\interiormasjid\demo.cpp(1686): warning C4838: conversion from 'double' to 'float' requires a narrowing conversion
c:\users\jinxg\source\repos\interior masjid\interiormasjid\demo.cpp(1686): warning C4305: 'initializing': truncation from 'double' to 'float'
c:\users\jinxg\source\repos\interior masjid\interiormasjid\demo.cpp(1808): warning C4838: conversion from 'double' to 'float' requires a narrowing conversion
c:\users\jinxg\source\repos\interior masjid\interiormasjid\demo.cpp(1808): warning C4305: 'initializing': truncation from 'double' to 'float'
c:\users\jinxg\source\repos\interior masjid\interiormasjid\demo.cpp(1930): warning C4838: conversion from 'double' to 'float' requires a narrowing conversion
c:\users\jinxg\source\repos\interior masjid\interiormasjid\demo.cpp(1930): warning C4305: 'initializing': truncation from 'double' to 'float'
c:\users\jinxg\source\repos\interior masjid\interiormasjid\demo.cpp(2051): warning C4838: conversion from 'double' to 'float' requires a narrowing conversion
c:\users\jinxg\source\repos\interior masjid\interiormasjid\demo.cpp(2051): warning C4305: 'initializing': truncation from 'double' to 'float'
c:\users\jinxg\source\repos\interior masjid\interiormasjid\demo.cpp(2172): warning C4838: conversion from 'double' to 'float' requires a narrowing conversion
c:\users\jinxg\source\repos\interior masjid\interiormasjid\demo.cpp(2172): warning C4305: 'initializing': truncation from 'double' to 'float'
c:\users\jinxg\source\repos\interior masjid\interiormasjid\demo.cpp(2536): warning C4838: conversion from 'double' to 'float' requires a narrowing conversion
c:\users\jinxg\source\repos\interior masjid\interiormasjid\demo.cpp(2536): warning C4305: 'initializing': truncation from 'double' to 'float'
c:\users\jinxg\source\repos\interior masjid\interiormasjid\demo.cpp(2783): warning C4838: conversion from 'double' to 'float' requires a narrowing conversion
c:\users\jinxg\source\repos\interior masjid\interiormasjid\demo.cpp(2783): warning C4305: 'initializing': truncation from 'double' to 'float'
  Generating Code...
LINK : warning LNK4098: defaultlib 'MSVCRT' conflicts with use of other libs; use /NODEFAULTLIB:library
SOIL.lib(image_DXT.obj) : warning LNK4099: PDB 'vc110.pdb' was not found with 'SOIL.lib(image_DXT.obj)' or at 'c:\users\jinxg\source\repos\Interior Masjid\Debug\vc110.pdb'; linking object as if no debug info
SOIL.lib(image_helper.obj) : warning LNK4099: PDB 'vc110.pdb' was not found with 'SOIL.lib(image_helper.obj)' or at 'c:\users\jinxg\source\repos\Interior Masjid\Debug\vc110.pdb'; linking object as if no debug info
SOIL.lib(SOIL.obj) : warning LNK4099: PDB 'vc110.pdb' was not found with 'SOIL.lib(SOIL.obj)' or at 'c:\users\jinxg\source\repos\Interior Masjid\Debug\vc110.pdb'; linking object as if no debug info
SOIL.lib(stb_image_aug.obj) : warning LNK4099: PDB 'vc110.pdb' was not found with 'SOIL.lib(stb_image_aug.obj)' or at 'c:\users\jinxg\source\repos\Interior Masjid\Debug\vc110.pdb'; linking object as if no debug info
  interiormasjid.vcxproj -> c:\users\jinxg\source\repos\Interior Masjid\Debug\interiormasjid.exe
  interiormasjid.vcxproj -> c:\users\jinxg\source\repos\Interior Masjid\Debug\interiormasjid.pdb (Partial PDB)
